0 info it worked if it ends with ok
1 verbose cli [ 'node', '/home/ea/local/bin/npm', 'install' ]
2 info using npm@1.4.16
3 info using node@v0.10.29
4 verbose readDependencies using package.json deps
5 verbose install where, deps [ '/home/ea/Yachtum',
5 verbose install   [ 'karma', 'protractor', 'http-server', 'bower', 'shelljs' ] ]
6 info preinstall Yachtum@0.0.0
7 verbose readDependencies using package.json deps
8 verbose already installed skipping http-server@^0.6.1 /home/ea/Yachtum
9 verbose already installed skipping protractor@~0.20.1 /home/ea/Yachtum
10 verbose already installed skipping bower@^1.3.1 /home/ea/Yachtum
11 verbose already installed skipping shelljs@^0.2.6 /home/ea/Yachtum
12 verbose already installed skipping karma@~0.10 /home/ea/Yachtum
13 silly resolved []
14 info build /home/ea/Yachtum
15 verbose linkStuff [ false, false, false, '/home/ea' ]
16 info linkStuff Yachtum@0.0.0
17 verbose linkBins Yachtum@0.0.0
18 verbose linkMans Yachtum@0.0.0
19 verbose rebuildBundles Yachtum@0.0.0
20 verbose rebuildBundles [ '.bin',
20 verbose rebuildBundles   'bower',
20 verbose rebuildBundles   'http-server',
20 verbose rebuildBundles   'karma',
20 verbose rebuildBundles   'karma-chrome-launcher',
20 verbose rebuildBundles   'karma-coffee-preprocessor',
20 verbose rebuildBundles   'karma-firefox-launcher',
20 verbose rebuildBundles   'karma-html2js-preprocessor',
20 verbose rebuildBundles   'karma-jasmine',
20 verbose rebuildBundles   'karma-phantomjs-launcher',
20 verbose rebuildBundles   'karma-requirejs',
20 verbose rebuildBundles   'karma-script-launcher',
20 verbose rebuildBundles   'protractor',
20 verbose rebuildBundles   'requirejs',
20 verbose rebuildBundles   'shelljs' ]
21 verbose rebuild bundle /home/ea/Yachtum/node_modules/karma-chrome-launcher
22 info build /home/ea/Yachtum/node_modules/karma-chrome-launcher
23 info preinstall karma-chrome-launcher@0.1.4
24 verbose linkStuff [ false, false, false, '/home/ea/Yachtum/node_modules' ]
25 info linkStuff karma-chrome-launcher@0.1.4
26 verbose linkBins karma-chrome-launcher@0.1.4
27 verbose linkMans karma-chrome-launcher@0.1.4
28 verbose rebuildBundles karma-chrome-launcher@0.1.4
29 info install karma-chrome-launcher@0.1.4
30 info postinstall karma-chrome-launcher@0.1.4
31 verbose rebuild bundle /home/ea/Yachtum/node_modules/karma-coffee-preprocessor
32 info build /home/ea/Yachtum/node_modules/karma-coffee-preprocessor
33 info preinstall karma-coffee-preprocessor@0.1.3
34 verbose linkStuff [ false, false, false, '/home/ea/Yachtum/node_modules' ]
35 info linkStuff karma-coffee-preprocessor@0.1.3
36 verbose linkBins karma-coffee-preprocessor@0.1.3
37 verbose linkMans karma-coffee-preprocessor@0.1.3
38 verbose rebuildBundles karma-coffee-preprocessor@0.1.3
39 verbose rebuildBundles [ '.bin', 'coffee-script' ]
40 info install karma-coffee-preprocessor@0.1.3
41 info postinstall karma-coffee-preprocessor@0.1.3
42 verbose rebuild bundle /home/ea/Yachtum/node_modules/karma-firefox-launcher
43 info build /home/ea/Yachtum/node_modules/karma-firefox-launcher
44 info preinstall karma-firefox-launcher@0.1.3
45 verbose linkStuff [ false, false, false, '/home/ea/Yachtum/node_modules' ]
46 info linkStuff karma-firefox-launcher@0.1.3
47 verbose linkBins karma-firefox-launcher@0.1.3
48 verbose linkMans karma-firefox-launcher@0.1.3
49 verbose rebuildBundles karma-firefox-launcher@0.1.3
50 info install karma-firefox-launcher@0.1.3
51 info postinstall karma-firefox-launcher@0.1.3
52 verbose rebuild bundle /home/ea/Yachtum/node_modules/karma-html2js-preprocessor
53 info build /home/ea/Yachtum/node_modules/karma-html2js-preprocessor
54 info preinstall karma-html2js-preprocessor@0.1.0
55 verbose linkStuff [ false, false, false, '/home/ea/Yachtum/node_modules' ]
56 info linkStuff karma-html2js-preprocessor@0.1.0
57 verbose linkBins karma-html2js-preprocessor@0.1.0
58 verbose linkMans karma-html2js-preprocessor@0.1.0
59 verbose rebuildBundles karma-html2js-preprocessor@0.1.0
60 info install karma-html2js-preprocessor@0.1.0
61 info postinstall karma-html2js-preprocessor@0.1.0
62 verbose rebuild bundle /home/ea/Yachtum/node_modules/karma-jasmine
63 info build /home/ea/Yachtum/node_modules/karma-jasmine
64 info preinstall karma-jasmine@0.1.5
65 verbose linkStuff [ false, false, false, '/home/ea/Yachtum/node_modules' ]
66 info linkStuff karma-jasmine@0.1.5
67 verbose linkBins karma-jasmine@0.1.5
68 verbose linkMans karma-jasmine@0.1.5
69 verbose rebuildBundles karma-jasmine@0.1.5
70 info install karma-jasmine@0.1.5
71 info postinstall karma-jasmine@0.1.5
72 verbose rebuild bundle /home/ea/Yachtum/node_modules/karma-phantomjs-launcher
73 info build /home/ea/Yachtum/node_modules/karma-phantomjs-launcher
74 info preinstall karma-phantomjs-launcher@0.1.4
75 verbose linkStuff [ false, false, false, '/home/ea/Yachtum/node_modules' ]
76 info linkStuff karma-phantomjs-launcher@0.1.4
77 verbose linkBins karma-phantomjs-launcher@0.1.4
78 verbose linkMans karma-phantomjs-launcher@0.1.4
79 verbose rebuildBundles karma-phantomjs-launcher@0.1.4
80 verbose rebuildBundles [ '.bin', 'phantomjs' ]
81 info install karma-phantomjs-launcher@0.1.4
82 info postinstall karma-phantomjs-launcher@0.1.4
83 verbose rebuild bundle /home/ea/Yachtum/node_modules/karma-requirejs
84 info build /home/ea/Yachtum/node_modules/karma-requirejs
85 info preinstall karma-requirejs@0.2.2
86 verbose linkStuff [ false, false, false, '/home/ea/Yachtum/node_modules' ]
87 info linkStuff karma-requirejs@0.2.2
88 verbose linkBins karma-requirejs@0.2.2
89 verbose linkMans karma-requirejs@0.2.2
90 verbose rebuildBundles karma-requirejs@0.2.2
91 info install karma-requirejs@0.2.2
92 info postinstall karma-requirejs@0.2.2
93 verbose rebuild bundle /home/ea/Yachtum/node_modules/karma-script-launcher
94 info build /home/ea/Yachtum/node_modules/karma-script-launcher
95 info preinstall karma-script-launcher@0.1.0
96 verbose linkStuff [ false, false, false, '/home/ea/Yachtum/node_modules' ]
97 info linkStuff karma-script-launcher@0.1.0
98 verbose linkBins karma-script-launcher@0.1.0
99 verbose linkMans karma-script-launcher@0.1.0
100 verbose rebuildBundles karma-script-launcher@0.1.0
101 info install karma-script-launcher@0.1.0
102 info postinstall karma-script-launcher@0.1.0
103 verbose rebuild bundle /home/ea/Yachtum/node_modules/requirejs
104 info build /home/ea/Yachtum/node_modules/requirejs
105 info preinstall requirejs@2.1.14
106 verbose linkStuff [ false, false, false, '/home/ea/Yachtum/node_modules' ]
107 info linkStuff requirejs@2.1.14
108 verbose linkBins requirejs@2.1.14
109 verbose link bins [ { 'r.js': './bin/r.js' },
109 verbose link bins   '/home/ea/Yachtum/node_modules/.bin',
109 verbose link bins   false ]
110 verbose linkMans requirejs@2.1.14
111 verbose rebuildBundles requirejs@2.1.14
112 info install requirejs@2.1.14
113 info postinstall requirejs@2.1.14
114 info install Yachtum@0.0.0
115 info postinstall Yachtum@0.0.0
116 verbose unsafe-perm in lifecycle true
117 info Yachtum@0.0.0 Failed to exec postinstall script
118 error Yachtum@0.0.0 postinstall: `bower install`
118 error Exit status 8
119 error Failed at the Yachtum@0.0.0 postinstall script.
119 error This is most likely a problem with the Yachtum package,
119 error not with npm itself.
119 error Tell the author that this fails on your system:
119 error     bower install
119 error You can get their info via:
119 error     npm owner ls Yachtum
119 error There is likely additional logging output above.
120 error System Linux 3.13.0-29-generic
121 error command "node" "/home/ea/local/bin/npm" "install"
122 error cwd /home/ea/Yachtum
123 error node -v v0.10.29
124 error npm -v 1.4.16
125 error code ELIFECYCLE
126 verbose exit [ 1, true ]
